[INFO] Scanning for projects...
[INFO]                                                                         
[INFO] ------------------------------------------------------------------------
[INFO] Building AJC-4847 0.0.1
[INFO] ------------------------------------------------------------------------
[INFO] 
[INFO] --- maven-clean-plugin:2.5:clean (default-clean) @ AJC-4847 ---
[INFO] Deleting /sandbox/AJC-4847/target
[INFO] 
[INFO] --- maven-enforcer-plugin:1.4.1:enforce (enforce-versions) @ AJC-4847 ---
[INFO] 
[INFO] --- apt-maven-plugin:1.1.3:process (neo4j) @ AJC-4847 ---
[INFO] 
[INFO] --- maven-resources-plugin:2.6:resources (default-resources) @ AJC-4847 ---
[INFO] Using 'UTF-8' encoding to copy filtered resources.
[INFO] Copying 1 resource
[INFO] Copying 0 resource
[INFO] 
[INFO] --- maven-compiler-plugin:3.3:compile (default-compile) @ AJC-4847 ---
[INFO] Changes detected - recompiling the module!
[INFO] Compiling 7 source files to /sandbox/AJC-4847/target/classes
[INFO] /sandbox/AJC-4847/src/main/java/com/example/repository/CountryRepository.java: /sandbox/AJC-4847/src/main/java/com/example/repository/CountryRepository.java uses or overrides a deprecated API.
[INFO] /sandbox/AJC-4847/src/main/java/com/example/repository/CountryRepository.java: Recompile with -Xlint:deprecation for details.
[INFO] 
[INFO] --- aspectj-maven-plugin:1.8:compile (default) @ AJC-4847 ---
[INFO] Showing AJC message detail for messages of types: [error, warning, fail]
[WARNING] Field value processing of @ConfigurationProperty meta-data is not supported
	<unknown source file>:<no line information>

[WARNING] Cannot write values to this compiler: org.aspectj.org.eclipse.jdt.internal.compiler.apt.dispatch.BatchProcessingEnvImpl
	<unknown source file>:<no line information>

[WARNING] Cannot write values to this compiler: org.aspectj.org.eclipse.jdt.internal.compiler.apt.dispatch.BatchProcessingEnvImpl
	<unknown source file>:<no line information>

[ERROR] Internal compiler error: java.lang.IllegalStateException: Failed to write metadata at org.springframework.boot.configurationprocessor.ConfigurationMetadataAnnotationProcessor.writeMetaData(ConfigurationMetadataAnnotationProcessor.java:385)
	/sandbox/AJC-4847/target/generated-sources/java/com/example/domain/QAbstractEntity.java:0
(no source information available)

[INFO] ------------------------------------------------------------------------
[INFO] BUILD FAILURE
[INFO] ------------------------------------------------------------------------
[INFO] Total time: 7.635 s
[INFO] Finished at: 2016-01-03T14:21:46+07:00
[INFO] Final Memory: 39M/339M
[INFO] ------------------------------------------------------------------------
[ERROR] Failed to execute goal org.codehaus.mojo:aspectj-maven-plugin:1.8:compile (default) on project AJC-4847: AJC compiler errors:
[ERROR] error at (no source information available)
[ERROR] /sandbox/AJC-4847/target/generated-sources/java/com/example/domain/QAbstractEntity.java:0::0 Internal compiler error: java.lang.IllegalStateException: Failed to write metadata at org.springframework.boot.configurationprocessor.ConfigurationMetadataAnnotationProcessor.writeMetaData(ConfigurationMetadataAnnotationProcessor.java:385)
[ERROR] -> [Help 1]
[ERROR] 
[ERROR] To see the full stack trace of the errors, re-run Maven with the -e switch.
[ERROR] Re-run Maven using the -X switch to enable full debug logging.
[ERROR] 
[ERROR] For more information about the errors and possible solutions, please read the following articles:
[ERROR] [Help 1] http://cwiki.apache.org/confluence/display/MAVEN/MojoExecutionException
